-------------------------------------------------------------------------------
Test set: runner.TestRunner
-------------------------------------------------------------------------------
Tests run: 2, Failures: 1, Errors: 0, Skipped: 0, Time elapsed: 111.572 s <<< FAILURE! - in runner.TestRunner
Add comment(review previous orders and add a message)  Time elapsed: 24.555 s  <<< FAILURE!
org.junit.ComparisonFailure: expected:<[Blu]e> but was:<[Orang]e>

