<?xml version="1.0" encoding="UTF-8"?>
<testsuite xmlns:xsi="http://www.w3.org/2001/XMLSchema-instance" xsi:noNamespaceSchemaLocation="https://maven.apache.org/surefire/maven-surefire-plugin/xsd/surefire-test-report.xsd" name="runner.TestRunner" time="111.572" tests="2" errors="0" skipped="0" failures="1">
  <properties>
[...]
</properties>
  <testcase name="View basket" classname="Purchase two items" time="78.033"/>
  <testcase name="Add comment" classname="review previous orders and add a message" time="24.555">
    <failure message="expected:&lt;[Blu]e&gt; but was:&lt;[Orang]e&gt;" type="org.junit.ComparisonFailure"><![CDATA[org.junit.ComparisonFailure: expected:<[Blu]e> but was:<[Orang]e>
]]></failure>
    <system-out><![CDATA[
Scenario: Add comment                  &amp#27;[90m# src/test/java/features/reviewaddmessage.feature:2&amp#27;[0m
  &amp#27;[32mGiven &amp#27;[0m&amp#27;[32muser is on Order History page&amp#27;[0m  &amp#27;[90m# stepdefinitions.ReviewAddMessageStepDefinitions.user_is_on_order_history_page()&amp#27;[0m
  &amp#27;[32mWhen &amp#27;[0m&amp#27;[32muser selects an item from order&amp#27;[0m &amp#27;[90m# stepdefinitions.ReviewAddMessageStepDefinitions.user_selects_an_item_from_order()&amp#27;[0m
  &amp#27;[32mAnd &amp#27;[0m&amp#27;[32muser adds comment&amp#27;[0m                &amp#27;[90m# stepdefinitions.ReviewAddMessageStepDefinitions.user_adds_comment()&amp#27;[0m
  &amp#27;[32mThen &amp#27;[0m&amp#27;[32mcomment appears under messages&amp#27;[0m  &amp#27;[90m# stepdefinitions.ReviewAddMessageStepDefinitions.comment_appears_under_messages()&amp#27;[0m
  &amp#27;[31mAnd &amp#27;[0m&amp#27;[31mitem &amp#27;[0m&amp#27;[31m&amp#27;[1m1&amp#27;[0m&amp#27;[31m has a colour of &amp#27;[0m&amp#27;[31m&amp#27;[1m'Blue'&amp#27;[0m    &amp#27;[90m# stepdefinitions.ReviewAddMessageStepDefinitions.item_has_a_colour_of(int,java.lang.String)&amp#27;[0m
      &amp#27;[31morg.junit.ComparisonFailure: expected:<[Blu]e> but was:<[Orang]e>
	at org.junit.Assert.assertEquals(Assert.java:115)
	at org.junit.Assert.assertEquals(Assert.java:144)
	at stepdefinitions.ReviewAddMessageStepDefinitions.item_has_a_colour_of(ReviewAddMessageStepDefinitions.java:55)
	at âœ½.item 1 has a colour of 'Blue'(file:///C:/Users/4finl/code/eclipse-workspace/AutomationPractice/src/test/java/features/reviewaddmessage.feature:7)
&amp#27;[0m
]]></system-out>
  </testcase>
</testsuite>